[0;32m[09:16:36][0m 🚀 Starting Daily PR Review...
[0;32m[09:16:36][0m Log file: pr-review-20251007-091636.log
[0;32m[09:16:36][0m 🔍 Checking prerequisites...
[0;32m[09:16:37][0m ✅ Prerequisites check complete
[0;32m[09:16:37][0m 📋 Fetching open PRs with 'blog-post' label...
[0;32m[09:16:38][0m Found 1 open PR(s)
[0;32m[09:16:38][0m 
[0;32m[09:16:38][0m ==========================================
[0;32m[09:16:38][0m 🔄 Processing PR #252: 📝 01. Python Overview and Setup - Comprehensive Notes with New Insights (2025-10-06) 📥
[0;32m[09:16:38][0m ==========================================
[0;32m[09:16:38][0m 🔀 Checking out branch: 01._Python_Overview_and_Setup-2025-10-06
From github.com:infoyouth/infoyouth.github.io
 * branch            01._Python_Overview_and_Setup-2025-10-06 -> FETCH_HEAD
Switched to a new branch '01._Python_Overview_and_Setup-2025-10-06'
branch '01._Python_Overview_and_Setup-2025-10-06' set up to track 'origin/01._Python_Overview_and_Setup-2025-10-06'.
[0;32m[09:16:40][0m Found 1 modified file(s)
[0;34m[09:16:40] ℹ️  [0m
[0;34m[09:16:40] ℹ️  📄 Processing: _posts/python/2025-10-06-01.-python-overview-and-setup.md[0m
[0;34m[09:16:40] ℹ️  ----------------------------------------[0m
[0;34m[09:16:40] ℹ️  🔍 Checking for errors in: 2025-10-06-01.-python-overview-and-setup.md[0m
[1;33m[09:16:40] ⚠️  Potential API errors detected in 2025-10-06-01.-python-overview-and-setup.md[0m
[1;33m[09:16:40] ⚠️  Malformed markdown links detected in 2025-10-06-01.-python-overview-and-setup.md[0m
[1;33m[09:16:40] ⚠️  ⚠️  Found 2 potential issue(s)[0m
[0;34m[09:16:40] ℹ️  🎨 Checking for Mermaid diagrams in: 2025-10-06-01.-python-overview-and-setup.md[0m
[0;32m[09:16:40][0m ✨ Found Mermaid diagrams! Beautifying with AI-generated styles...
[0;34m[09:16:40] ℹ️  Applying python color scheme: cool[0m
✨ Found 2 Mermaid diagram(s)
🎨 Applying 'cool' color scheme
  → Beautifying diagram 1...
  → Beautifying diagram 2...
✅ Successfully beautified 2025-10-06-01.-python-overview-and-setup.md
[0;32m[09:16:40][0m ✅ Mermaid diagrams beautified
[0;34m[09:16:40] ℹ️  🎨 Running formatting on: 2025-10-06-01.-python-overview-and-setup.md[0m
[0;32m[09:16:40][0m Running format.sh...
[error] No files matching the pattern were found: "_posts/*.md".
Usage: markdownlint [options] [files|directories|globs...]

MarkdownLint Command Line Interface

Arguments:
  files|directories|globs                    files, directories, and/or globs to lint

Options:
  -V, --version                              output the version number
  -c, --config <configFile>                  configuration file (JSON, JSONC, JS, YAML, or TOML)
  --configPointer <pointer>                  JSON Pointer to object within configuration file (default: "")
  -d, --dot                                  include files/folders with a dot (for example `.github`)
  -f, --fix                                  fix basic errors (does not work with STDIN)
  -i, --ignore <file|directory|glob>         file(s) to ignore/exclude (default: [])
  -j, --json                                 write issues in json format
  -o, --output <outputFile>                  write issues to file (no console)
  -p, --ignore-path <file>                   path to file with ignore pattern(s)
  -q, --quiet                                do not write issues to STDOUT
  -r, --rules <file|directory|glob|package>  include custom rule files (default: [])
  -s, --stdin                                read from STDIN (does not work with files)
  --enable <rules...>                        Enable certain rules, e.g. --enable MD013 MD041 --
  --disable <rules...>                       Disable certain rules, e.g. --disable MD013 MD041 --
  -h, --help                                 display help for command
[0;32m[09:16:43][0m ✅ Formatting complete
[0;32m[09:16:43][0m 📝 Committing improvements...
